<?xml version="1.0" encoding="UTF-8" ?>
<testsuite failures="0" time="0.001" errors="0" skipped="1" tests="1" name="us.codecraft.webmagic.processor.DiaoyuwengProcessorTest">
  <properties>
    <property name="java.runtime.name" value="OpenJDK Runtime Environment"/>
    <property name="sun.boot.library.path" value="/Library/Java/JavaVirtualMachines/JDK 1.7.0 Developer Preview.jdk/Contents/Home/jre/lib"/>
    <property name="java.vm.version" value="21.0-b17"/>
    <property name="gopherProxySet" value="false"/>
    <property name="java.vm.vendor" value="Oracle Corporation"/>
    <property name="java.vendor.url" value="http://java.oracle.com/"/>
    <property name="path.separator" value=":"/>
    <property name="java.vm.name" value="OpenJDK 64-Bit Server VM"/>
    <property name="file.encoding.pkg" value="sun.io"/>
    <property name="user.country" value="CN"/>
    <property name="sun.java.launcher" value="SUN_STANDARD"/>
    <property name="sun.os.patch.level" value="unknown"/>
    <property name="java.vm.specification.name" value="Java Virtual Machine Specification"/>
    <property name="user.dir" value="/Users/zhangdong/workspace/webmagic/webmagic-samples"/>
    <property name="java.runtime.version" value="1.7.0-ea-b223"/>
    <property name="java.awt.graphicsenv" value="sun.awt.CGraphicsEnvironment"/>
    <property name="basedir" value="/Users/zhangdong/workspace/webmagic/webmagic-samples"/>
    <property name="java.endorsed.dirs" value="/Library/Java/JavaVirtualMachines/JDK 1.7.0 Developer Preview.jdk/Contents/Home/jre/lib/endorsed"/>
    <property name="os.arch" value="x86_64"/>
    <property name="surefire.real.class.path" value="/Users/zhangdong/workspace/webmagic/webmagic-samples/target/surefire/surefirebooter3244288965346205384.jar"/>
    <property name="java.io.tmpdir" value="/var/folders/n4/xd4xtcnx0fbcjlznckdbj_xw0000gn/T/"/>
    <property name="line.separator" value="
"/>
    <property name="java.vm.specification.vendor" value="Oracle Corporation"/>
    <property name="os.name" value="Mac OS X"/>
    <property name="sun.jnu.encoding" value="UTF-8"/>
    <property name="java.library.path" value="/Users/zhangdong/Library/Java/Extensions:/Library/Java/Extensions:/Network/Library/Java/Extensions:/System/Library/Java/Extensions:/usr/lib/java"/>
    <property name="surefire.test.class.path" value="/Users/zhangdong/workspace/webmagic/webmagic-samples/target/test-classes:/Users/zhangdong/workspace/webmagic/webmagic-samples/target/classes:/Users/zhangdong/workspace/webmagic/webmagic-core/target/webmagic-core-0.0.1-SNAPSHOT.jar:/Users/zhangdong/.m2/repository/org/apache/httpcomponents/httpclient/4.2.1/httpclient-4.2.1.jar:/Users/zhangdong/.m2/repository/org/apache/httpcomponents/httpcore/4.2.1/httpcore-4.2.1.jar:/Users/zhangdong/.m2/repository/commons-logging/commons-logging/1.1.1/commons-logging-1.1.1.jar:/Users/zhangdong/.m2/repository/commons-codec/commons-codec/1.6/commons-codec-1.6.jar:/Users/zhangdong/.m2/repository/com/google/guava/guava/13.0.1/guava-13.0.1.jar:/Users/zhangdong/.m2/repository/org/apache/commons/commons-lang3/3.1/commons-lang3-3.1.jar:/Users/zhangdong/.m2/repository/log4j/log4j/1.2.17/log4j-1.2.17.jar:/Users/zhangdong/.m2/repository/commons-collections/commons-collections/3.2.1/commons-collections-3.2.1.jar:/Users/zhangdong/.m2/repository/net/sourceforge/htmlcleaner/htmlcleaner/2.4/htmlcleaner-2.4.jar:/Users/zhangdong/.m2/repository/org/jdom/jdom2/2.0.4/jdom2-2.0.4.jar:/Users/zhangdong/.m2/repository/commons-io/commons-io/1.3.2/commons-io-1.3.2.jar:/Users/zhangdong/workspace/webmagic/webmagic-plugin/target/webmagic-plugin-0.0.1-SNAPSHOT.jar:/Users/zhangdong/.m2/repository/org/freemarker/freemarker/2.3.15/freemarker-2.3.15.jar:/Users/zhangdong/.m2/repository/junit/junit/4.7/junit-4.7.jar:/Users/zhangdong/.m2/repository/org/htmlparser/htmlparser/2.1/htmlparser-2.1.jar:/Users/zhangdong/.m2/repository/org/htmlparser/htmllexer/2.1/htmllexer-2.1.jar:/Users/zhangdong/.m2/repository/com/snsxiu/snsxiu-common/1.0-SNAPSHOT/snsxiu-common-1.0-SNAPSHOT.jar:/Users/zhangdong/.m2/repository/redis/clients/jedis/2.0.0/jedis-2.0.0.jar:/Users/zhangdong/.m2/repository/org/springframework/spring-core/3.1.0.RELEASE/spring-core-3.1.0.RELEASE.jar:/Users/zhangdong/.m2/repository/org/springframework/spring-asm/3.1.0.RELEASE/spring-asm-3.1.0.RELEASE.jar:/Users/zhangdong/.m2/repository/org/springframework/spring-mock/2.0.8/spring-mock-2.0.8.jar:/Users/zhangdong/.m2/repository/org/springframework/spring-ibatis/2.0.8/spring-ibatis-2.0.8.jar:/Users/zhangdong/.m2/repository/org/apache/ibatis/ibatis-sqlmap/2.3.0/ibatis-sqlmap-2.3.0.jar:/Users/zhangdong/.m2/repository/org/springframework/spring-beans/2.0.8/spring-beans-2.0.8.jar:/Users/zhangdong/.m2/repository/org/springframework/spring-dao/2.0.8/spring-dao-2.0.8.jar:/Users/zhangdong/.m2/repository/aopalliance/aopalliance/1.0/aopalliance-1.0.jar:/Users/zhangdong/.m2/repository/org/springframework/spring-jdbc/2.0.8/spring-jdbc-2.0.8.jar:/Users/zhangdong/.m2/repository/org/springframework/spring-context/3.1.0.RELEASE/spring-context-3.1.0.RELEASE.jar:/Users/zhangdong/.m2/repository/org/springframework/spring-aop/3.1.0.RELEASE/spring-aop-3.1.0.RELEASE.jar:/Users/zhangdong/.m2/repository/org/springframework/spring-expression/3.1.0.RELEASE/spring-expression-3.1.0.RELEASE.jar:/Users/zhangdong/.m2/repository/org/springframework/spring-context-support/3.1.0.RELEASE/spring-context-support-3.1.0.RELEASE.jar:/Users/zhangdong/.m2/repository/opensymphony/oscore/2.2.4/oscore-2.2.4.jar:/Users/zhangdong/.m2/repository/org/codehaus/jackson/jackson-mapper-asl/1.9.5/jackson-mapper-asl-1.9.5.jar:/Users/zhangdong/.m2/repository/org/codehaus/jackson/jackson-core-asl/1.9.5/jackson-core-asl-1.9.5.jar:/Users/zhangdong/.m2/repository/commons-lang/commons-lang/2.6/commons-lang-2.6.jar:/Users/zhangdong/.m2/repository/commons-pool/commons-pool/1.6/commons-pool-1.6.jar:/Users/zhangdong/.m2/repository/org/mybatis/mybatis-spring/1.0.2/mybatis-spring-1.0.2.jar:/Users/zhangdong/.m2/repository/org/springframework/spring-tx/3.0.6.RELEASE/spring-tx-3.0.6.RELEASE.jar:/Users/zhangdong/.m2/repository/org/mybatis/mybatis/3.0.6/mybatis-3.0.6.jar:/Users/zhangdong/.m2/repository/fakepath/javamail/1.4.4/javamail-1.4.4.jar:/Users/zhangdong/.m2/repository/mysql/mysql-connector-java/5.1.16/mysql-connector-java-5.1.16.jar:/Users/zhangdong/.m2/repository/commons-dbcp/commons-dbcp/1.4/commons-dbcp-1.4.jar:/Users/zhangdong/.m2/repository/org/apache/velocity/velocity/1.7/velocity-1.7.jar:/Users/zhangdong/.m2/repository/org/apache/velocity/velocity-tools/2.0/velocity-tools-2.0.jar:/Users/zhangdong/.m2/repository/commons-beanutils/commons-beanutils/1.7.0/commons-beanutils-1.7.0.jar:/Users/zhangdong/.m2/repository/commons-digester/commons-digester/1.8/commons-digester-1.8.jar:/Users/zhangdong/.m2/repository/commons-chain/commons-chain/1.1/commons-chain-1.1.jar:/Users/zhangdong/.m2/repository/commons-validator/commons-validator/1.3.1/commons-validator-1.3.1.jar:/Users/zhangdong/.m2/repository/dom4j/dom4j/1.1/dom4j-1.1.jar:/Users/zhangdong/.m2/repository/oro/oro/2.0.8/oro-2.0.8.jar:/Users/zhangdong/.m2/repository/sslext/sslext/1.2-0/sslext-1.2-0.jar:/Users/zhangdong/.m2/repository/org/apache/struts/struts-core/1.3.8/struts-core-1.3.8.jar:/Users/zhangdong/.m2/repository/antlr/antlr/2.7.2/antlr-2.7.2.jar:/Users/zhangdong/.m2/repository/org/apache/struts/struts-taglib/1.3.8/struts-taglib-1.3.8.jar:/Users/zhangdong/.m2/repository/org/apache/struts/struts-tiles/1.3.8/struts-tiles-1.3.8.jar:/Users/zhangdong/.m2/repository/fakepath/pinyin4j/2.5.0/pinyin4j-2.5.0.jar:"/>
    <property name="java.specification.name" value="Java Platform API Specification"/>
    <property name="java.class.version" value="51.0"/>
    <property name="sun.management.compiler" value="HotSpot 64-Bit Tiered Compilers"/>
    <property name="os.version" value="10.7.5"/>
    <property name="http.nonProxyHosts" value="local„ÄÅ169.254/16|*.local„ÄÅ169.254/16"/>
    <property name="user.home" value="/Users/zhangdong"/>
    <property name="user.timezone" value=""/>
    <property name="java.awt.printerjob" value="sun.lwawt.macosx.CPrinterJob"/>
    <property name="java.specification.version" value="1.7"/>
    <property name="file.encoding" value="UTF-8"/>
    <property name="user.name" value="zhangdong"/>
    <property name="java.class.path" value="/Users/zhangdong/workspace/webmagic/webmagic-samples/target/test-classes:/Users/zhangdong/workspace/webmagic/webmagic-samples/target/classes:/Users/zhangdong/workspace/webmagic/webmagic-core/target/webmagic-core-0.0.1-SNAPSHOT.jar:/Users/zhangdong/.m2/repository/org/apache/httpcomponents/httpclient/4.2.1/httpclient-4.2.1.jar:/Users/zhangdong/.m2/repository/org/apache/httpcomponents/httpcore/4.2.1/httpcore-4.2.1.jar:/Users/zhangdong/.m2/repository/commons-logging/commons-logging/1.1.1/commons-logging-1.1.1.jar:/Users/zhangdong/.m2/repository/commons-codec/commons-codec/1.6/commons-codec-1.6.jar:/Users/zhangdong/.m2/repository/com/google/guava/guava/13.0.1/guava-13.0.1.jar:/Users/zhangdong/.m2/repository/org/apache/commons/commons-lang3/3.1/commons-lang3-3.1.jar:/Users/zhangdong/.m2/repository/log4j/log4j/1.2.17/log4j-1.2.17.jar:/Users/zhangdong/.m2/repository/commons-collections/commons-collections/3.2.1/commons-collections-3.2.1.jar:/Users/zhangdong/.m2/repository/net/sourceforge/htmlcleaner/htmlcleaner/2.4/htmlcleaner-2.4.jar:/Users/zhangdong/.m2/repository/org/jdom/jdom2/2.0.4/jdom2-2.0.4.jar:/Users/zhangdong/.m2/repository/commons-io/commons-io/1.3.2/commons-io-1.3.2.jar:/Users/zhangdong/workspace/webmagic/webmagic-plugin/target/webmagic-plugin-0.0.1-SNAPSHOT.jar:/Users/zhangdong/.m2/repository/org/freemarker/freemarker/2.3.15/freemarker-2.3.15.jar:/Users/zhangdong/.m2/repository/junit/junit/4.7/junit-4.7.jar:/Users/zhangdong/.m2/repository/org/htmlparser/htmlparser/2.1/htmlparser-2.1.jar:/Users/zhangdong/.m2/repository/org/htmlparser/htmllexer/2.1/htmllexer-2.1.jar:/Users/zhangdong/.m2/repository/com/snsxiu/snsxiu-common/1.0-SNAPSHOT/snsxiu-common-1.0-SNAPSHOT.jar:/Users/zhangdong/.m2/repository/redis/clients/jedis/2.0.0/jedis-2.0.0.jar:/Users/zhangdong/.m2/repository/org/springframework/spring-core/3.1.0.RELEASE/spring-core-3.1.0.RELEASE.jar:/Users/zhangdong/.m2/repository/org/springframework/spring-asm/3.1.0.RELEASE/spring-asm-3.1.0.RELEASE.jar:/Users/zhangdong/.m2/repository/org/springframework/spring-mock/2.0.8/spring-mock-2.0.8.jar:/Users/zhangdong/.m2/repository/org/springframework/spring-ibatis/2.0.8/spring-ibatis-2.0.8.jar:/Users/zhangdong/.m2/repository/org/apache/ibatis/ibatis-sqlmap/2.3.0/ibatis-sqlmap-2.3.0.jar:/Users/zhangdong/.m2/repository/org/springframework/spring-beans/2.0.8/spring-beans-2.0.8.jar:/Users/zhangdong/.m2/repository/org/springframework/spring-dao/2.0.8/spring-dao-2.0.8.jar:/Users/zhangdong/.m2/repository/aopalliance/aopalliance/1.0/aopalliance-1.0.jar:/Users/zhangdong/.m2/repository/org/springframework/spring-jdbc/2.0.8/spring-jdbc-2.0.8.jar:/Users/zhangdong/.m2/repository/org/springframework/spring-context/3.1.0.RELEASE/spring-context-3.1.0.RELEASE.jar:/Users/zhangdong/.m2/repository/org/springframework/spring-aop/3.1.0.RELEASE/spring-aop-3.1.0.RELEASE.jar:/Users/zhangdong/.m2/repository/org/springframework/spring-expression/3.1.0.RELEASE/spring-expression-3.1.0.RELEASE.jar:/Users/zhangdong/.m2/repository/org/springframework/spring-context-support/3.1.0.RELEASE/spring-context-support-3.1.0.RELEASE.jar:/Users/zhangdong/.m2/repository/opensymphony/oscore/2.2.4/oscore-2.2.4.jar:/Users/zhangdong/.m2/repository/org/codehaus/jackson/jackson-mapper-asl/1.9.5/jackson-mapper-asl-1.9.5.jar:/Users/zhangdong/.m2/repository/org/codehaus/jackson/jackson-core-asl/1.9.5/jackson-core-asl-1.9.5.jar:/Users/zhangdong/.m2/repository/commons-lang/commons-lang/2.6/commons-lang-2.6.jar:/Users/zhangdong/.m2/repository/commons-pool/commons-pool/1.6/commons-pool-1.6.jar:/Users/zhangdong/.m2/repository/org/mybatis/mybatis-spring/1.0.2/mybatis-spring-1.0.2.jar:/Users/zhangdong/.m2/repository/org/springframework/spring-tx/3.0.6.RELEASE/spring-tx-3.0.6.RELEASE.jar:/Users/zhangdong/.m2/repository/org/mybatis/mybatis/3.0.6/mybatis-3.0.6.jar:/Users/zhangdong/.m2/repository/fakepath/javamail/1.4.4/javamail-1.4.4.jar:/Users/zhangdong/.m2/repository/mysql/mysql-connector-java/5.1.16/mysql-connector-java-5.1.16.jar:/Users/zhangdong/.m2/repository/commons-dbcp/commons-dbcp/1.4/commons-dbcp-1.4.jar:/Users/zhangdong/.m2/repository/org/apache/velocity/velocity/1.7/velocity-1.7.jar:/Users/zhangdong/.m2/repository/org/apache/velocity/velocity-tools/2.0/velocity-tools-2.0.jar:/Users/zhangdong/.m2/repository/commons-beanutils/commons-beanutils/1.7.0/commons-beanutils-1.7.0.jar:/Users/zhangdong/.m2/repository/commons-digester/commons-digester/1.8/commons-digester-1.8.jar:/Users/zhangdong/.m2/repository/commons-chain/commons-chain/1.1/commons-chain-1.1.jar:/Users/zhangdong/.m2/repository/commons-validator/commons-validator/1.3.1/commons-validator-1.3.1.jar:/Users/zhangdong/.m2/repository/dom4j/dom4j/1.1/dom4j-1.1.jar:/Users/zhangdong/.m2/repository/oro/oro/2.0.8/oro-2.0.8.jar:/Users/zhangdong/.m2/repository/sslext/sslext/1.2-0/sslext-1.2-0.jar:/Users/zhangdong/.m2/repository/org/apache/struts/struts-core/1.3.8/struts-core-1.3.8.jar:/Users/zhangdong/.m2/repository/antlr/antlr/2.7.2/antlr-2.7.2.jar:/Users/zhangdong/.m2/repository/org/apache/struts/struts-taglib/1.3.8/struts-taglib-1.3.8.jar:/Users/zhangdong/.m2/repository/org/apache/struts/struts-tiles/1.3.8/struts-tiles-1.3.8.jar:/Users/zhangdong/.m2/repository/fakepath/pinyin4j/2.5.0/pinyin4j-2.5.0.jar:"/>
    <property name="java.vm.specification.version" value="1.7"/>
    <property name="sun.arch.data.model" value="64"/>
    <property name="java.home" value="/Library/Java/JavaVirtualMachines/JDK 1.7.0 Developer Preview.jdk/Contents/Home/jre"/>
    <property name="sun.java.command" value="/Users/zhangdong/workspace/webmagic/webmagic-samples/target/surefire/surefirebooter3244288965346205384.jar /Users/zhangdong/workspace/webmagic/webmagic-samples/target/surefire/surefire9160562286851834920tmp /Users/zhangdong/workspace/webmagic/webmagic-samples/target/surefire/surefire3042837747611723834tmp"/>
    <property name="java.specification.vendor" value="Oracle Corporation"/>
    <property name="user.language" value="zh"/>
    <property name="awt.toolkit" value="sun.lwawt.macosx.LWCToolkit"/>
    <property name="java.vm.info" value="mixed mode"/>
    <property name="java.version" value="1.7.0-ea"/>
    <property name="java.ext.dirs" value="/Users/zhangdong/Library/Java/Extensions:/Library/Java/JavaVirtualMachines/JDK 1.7.0 Developer Preview.jdk/Contents/Home/jre/lib/ext:/Library/Java/Extensions:/Network/Library/Java/Extensions:/System/Library/Java/Extensions:/usr/lib/java"/>
    <property name="sun.boot.class.path" value="/Library/Java/JavaVirtualMachines/JDK 1.7.0 Developer Preview.jdk/Contents/Home/jre/lib/resources.jar:/Library/Java/JavaVirtualMachines/JDK 1.7.0 Developer Preview.jdk/Contents/Home/jre/lib/rt.jar:/Library/Java/JavaVirtualMachines/JDK 1.7.0 Developer Preview.jdk/Contents/Home/jre/lib/sunrsasign.jar:/Library/Java/JavaVirtualMachines/JDK 1.7.0 Developer Preview.jdk/Contents/Home/jre/lib/jsse.jar:/Library/Java/JavaVirtualMachines/JDK 1.7.0 Developer Preview.jdk/Contents/Home/jre/lib/jce.jar:/Library/Java/JavaVirtualMachines/JDK 1.7.0 Developer Preview.jdk/Contents/Home/jre/lib/charsets.jar:/Library/Java/JavaVirtualMachines/JDK 1.7.0 Developer Preview.jdk/Contents/Home/jre/lib/modules/jdk.boot.jar:/Library/Java/JavaVirtualMachines/JDK 1.7.0 Developer Preview.jdk/Contents/Home/jre/lib/JObjC.jar:/Library/Java/JavaVirtualMachines/JDK 1.7.0 Developer Preview.jdk/Contents/Home/jre/classes"/>
    <property name="java.vendor" value="Oracle Corporation"/>
    <property name="localRepository" value="/Users/zhangdong/.m2/repository"/>
    <property name="file.separator" value="/"/>
    <property name="java.vendor.url.bug" value="http://bugreport.sun.com/bugreport/"/>
    <property name="sun.cpu.endian" value="little"/>
    <property name="sun.io.unicode.encoding" value="UnicodeBig"/>
    <property name="socksNonProxyHosts" value="local„ÄÅ169.254/16|*.local„ÄÅ169.254/16"/>
    <property name="ftp.nonProxyHosts" value="local„ÄÅ169.254/16|*.local„ÄÅ169.254/16"/>
    <property name="sun.cpu.isalist" value=""/>
  </properties>
  <testcase time="0.017" classname="us.codecraft.webmagic.processor.DiaoyuwengProcessorTest" name="test">
    <skipped/>
  </testcase>
</testsuite>